<?xml version="1.0" encoding="UTF-8"?>
<!-- Generated by org.testng.reporters.JUnitReportReporter -->
<testsuite hostname="DESKTOP-613T72M" failures="0" tests="8" name="com.qa.base.AlertTest" time="26.373" errors="0" timestamp="2023-08-02T03:00:00 GMT-11:00" skipped="0">
  <testcase classname="com.qa.base.AlertTest" name="linkTest" time="2.052"/>
  <testcase classname="com.qa.base.AlertTest" name="showAlertBox" time="3.079"/>
  <testcase classname="com.qa.base.AlertTest" name="showConfirmBox" time="0.048"/>
  <testcase classname="com.qa.base.AlertTest" name="acceptConfirm" time="3.016"/>
  <testcase classname="com.qa.base.AlertTest" name="cancelConfirm" time="6.050"/>
  <testcase classname="com.qa.base.AlertTest" name="showProptBox" time="0.047"/>
  <testcase classname="com.qa.base.AlertTest" name="acceptpropt" time="6.027"/>
  <testcase classname="com.qa.base.AlertTest" name="cancelpropt" time="6.054"/>
</testsuite> <!-- com.qa.base.AlertTest -->
