<?xml version="1.0" encoding="UTF-8"?>
<!-- Generated by org.testng.reporters.JUnitReportReporter -->
<testsuite hostname="DESKTOP-613T72M" failures="0" tests="3" name="com.qa.base.dragDrop" time="2.678" errors="0" timestamp="2023-08-02T03:29:33 GMT-11:00" skipped="0">
  <testcase classname="com.qa.base.dragDrop" name="linkTest" time="2.070"/>
  <testcase classname="com.qa.base.dragDrop" name="drag" time="0.329"/>
  <testcase classname="com.qa.base.dragDrop" name="drag2" time="0.279"/>
</testsuite> <!-- com.qa.base.dragDrop -->
